COMMAND:
 /opt/schrodinger/suites2015-1/epik-v31012/bin/Darwin-x86_64/epik_app -imae /private/var/folders/m1/wl3ptzqx2csf2r_q2bfy78n0h7kcfv/T/tmpS75P_l/imidazole-input.mae -omae /Users/choderaj/github/choderalab/perses/perses.choderalab/perses/data/imidazole/imidazole/imidazole-epik.mae -ms 100 -ph 7.4 -nt -p 4.53999297625e-05 -pKa_atom
SCHRODINGER: /opt/schrodinger/suites2015-1

Running Epik version     3.1012
Epik. Copyright Schrodinger, LLC. All rights reserved.

Input file name:                        /private/var/folders/m1/wl3ptzqx2csf2r_q2bfy78n0h7kcfv/T/tmpS75P_l/imidazole-input.mae
Output file name:                       /Users/choderaj/github/choderalab/perses/perses.choderalab/perses/data/imidazole/imidazole/imidazole-epik.mae
Maximum number of states set to: 100
Structure adjustment calculation requested.
  Target pH set to 7.400
Minimum probability set to 4.539993e-05
reporting for specific atoms turned on (pKa_atom)

Adjusting structures for pH 7.400000e+00 and minimum probability 4.539993e-05
Solvent model name:                     water
Jobcontrol is not being used for this specific Epik calculation.
---------------------------
Processing Input Structure #1
        Title: imidazole
                                              Calculated pKas
                                                 Conjugate
                                          Atom   Acid/Base  pKa
. . . . . . . . . . . . . . . . . . . . . . .
Variation: 1
                                             9   Conj_Acid 13.80
                                             3   Conj_Base  6.67
 pKa penalty:                                 0.10 kcal/mol
     Charging penalty:                        0.10 kcal/mol
     Neutralization penalty:                  0.00 kcal/mol
 Overall Penalty (tautomerization included):  0.09 kcal/mol
 Total Charge: 0
. . . . . . . . . . . . . . . . . . . . . . .
Variation: 2
                                             9   Conj_Acid  6.67
                                            10   Conj_Acid  6.67
 pKa penalty:                                 1.10 kcal/mol
     Charging penalty:                        0.00 kcal/mol
     Neutralization penalty:                  1.10 kcal/mol
 Overall Penalty (tautomerization included):  1.16 kcal/mol
 Total Charge: 1
---------------------------
